2023-03-22 00:00:20.970 +06:00 [INF] Application Starting.
2023-03-22 00:01:40.079 +06:00 [INF] Application Starting.
2023-03-22 00:02:06.666 +06:00 [INF] Application Starting.
2023-03-22 09:24:30.054 +06:00 [INF] Application Starting.
2023-03-22 09:28:20.592 +06:00 [INF] Application Starting.
2023-03-22 09:32:28.661 +06:00 [INF] Application Starting.
2023-03-22 21:51:20.373 +06:00 [INF] Application Starting.
2023-03-22 22:12:01.488 +06:00 [INF] Application Starting.
2023-03-22 22:21:24.731 +06:00 [INF] Application Starting.
2023-03-22 22:21:34.755 +06:00 [ERR] An unhandled exception has occurred while executing the request.
System.InvalidOperationException: The partial view '_ModalPartial' was not found. The following locations were searched:
/Areas/Admin/Views/Story/_ModalPartial.cshtml
/Areas/Admin/Views/Shared/_ModalPartial.cshtml
/Views/Shared/_ModalPartial.cshtml
/Pages/Shared/_ModalPartial.cshtml
   at Microsoft.AspNetCore.Mvc.TagHelpers.PartialTagHelper.ProcessAsync(TagHelperContext context, TagHelperOutput output)
   at Microsoft.AspNetCore.Razor.Runtime.TagHelpers.TagHelperRunner.<RunAsync>g__Awaited|0_0(Task task, TagHelperExecutionContext executionContext, Int32 i, Int32 count)
   at AspNetCoreGeneratedDocument.Areas_Admin_Views_Story_Index.ExecuteAsync() in C:\Users\abcs\Desktop\The Listening Room\TheListeningRoom\ListeningRoom.Web\Areas\Admin\Views\Story\Index.cshtml:line 134
   at Microsoft.AspNetCore.Mvc.Razor.RazorView.RenderPageCoreAsync(IRazorPage page, ViewContext context)
   at Microsoft.AspNetCore.Mvc.Razor.RazorView.RenderPageAsync(IRazorPage page, ViewContext context, Boolean invokeViewStarts)
   at Microsoft.AspNetCore.Mvc.Razor.RazorView.RenderAsync(ViewContext context)
   at Microsoft.AspNetCore.Mvc.ViewFeatures.ViewExecutor.ExecuteAsync(ViewContext viewContext, String contentType, Nullable`1 statusCode)
   at Microsoft.AspNetCore.Mvc.ViewFeatures.ViewExecutor.ExecuteAsync(ViewContext viewContext, String contentType, Nullable`1 statusCode)
   at Microsoft.AspNetCore.Mvc.ViewFeatures.ViewExecutor.ExecuteAsync(ActionContext actionContext, IView view, ViewDataDictionary viewData, ITempDataDictionary tempData, String contentType, Nullable`1 statusCode)
   at Microsoft.AspNetCore.Mvc.ViewFeatures.ViewResultExecutor.ExecuteAsync(ActionContext context, ViewResult result)
   at Microsoft.AspNetCore.Mvc.ViewResult.ExecuteResultAsync(ActionContext context)
   at Microsoft.AspNetCore.Mvc.Infrastructure.ResourceInvoker.<InvokeNextResultFilterAsync>g__Awaited|30_0[TFilter,TFilterAsync](ResourceInvoker invoker, Task lastTask, State next, Scope scope, Object state, Boolean isCompleted)
   at Microsoft.AspNetCore.Mvc.Infrastructure.ResourceInvoker.Rethrow(ResultExecutedContextSealed context)
   at Microsoft.AspNetCore.Mvc.Infrastructure.ResourceInvoker.ResultNext[TFilter,TFilterAsync](State& next, Scope& scope, Object& state, Boolean& isCompleted)
   at Microsoft.AspNetCore.Mvc.Infrastructure.ResourceInvoker.InvokeResultFilters()
--- End of stack trace from previous location ---
   at Microsoft.AspNetCore.Mvc.Infrastructure.ResourceInvoker.<InvokeNextResourceFilter>g__Awaited|25_0(ResourceInvoker invoker, Task lastTask, State next, Scope scope, Object state, Boolean isCompleted)
   at Microsoft.AspNetCore.Mvc.Infrastructure.ResourceInvoker.Rethrow(ResourceExecutedContextSealed context)
   at Microsoft.AspNetCore.Mvc.Infrastructure.ResourceInvoker.Next(State& next, Scope& scope, Object& state, Boolean& isCompleted)
   at Microsoft.AspNetCore.Mvc.Infrastructure.ResourceInvoker.InvokeFilterPipelineAsync()
--- End of stack trace from previous location ---
   at Microsoft.AspNetCore.Mvc.Infrastructure.ResourceInvoker.<InvokeAsync>g__Awaited|17_0(ResourceInvoker invoker, Task task, IDisposable scope)
   at Microsoft.AspNetCore.Mvc.Infrastructure.ResourceInvoker.<InvokeAsync>g__Awaited|17_0(ResourceInvoker invoker, Task task, IDisposable scope)
   at Microsoft.AspNetCore.Routing.EndpointMiddleware.<Invoke>g__AwaitRequestTask|6_0(Endpoint endpoint, Task requestTask, ILogger logger)
   at Microsoft.AspNetCore.Authorization.AuthorizationMiddleware.Invoke(HttpContext context)
   at Microsoft.AspNetCore.Authentication.AuthenticationMiddleware.Invoke(HttpContext context)
   at Microsoft.AspNetCore.Diagnostics.DeveloperExceptionPageMiddleware.Invoke(HttpContext context)
2023-03-22 22:38:38.524 +06:00 [INF] Application Starting.
2023-03-22 22:40:30.225 +06:00 [INF] Application Starting.
2023-03-22 22:46:01.879 +06:00 [INF] Application Starting.
2023-03-22 22:46:57.985 +06:00 [INF] Application Starting.
2023-03-22 22:48:19.699 +06:00 [INF] Application Starting.
2023-03-22 22:56:30.893 +06:00 [INF] Application Starting.
2023-03-22 22:58:42.755 +06:00 [INF] Application Starting.
2023-03-22 23:08:49.096 +06:00 [INF] Application Starting.
